<?xml version="1.0" encoding="UTF-8"?>
<!-- Generated by org.testng.reporters.JUnitReportReporter -->
<testsuite skipped="0" hostname="XIPL0513" name="com.dataprovider.test.DataProviderTestNGTest" tests="1" failures="0" timestamp="20 Jun 2017 06:17:02 GMT" time="5.248" errors="0">
  <testcase name="openURL" time="5.248" classname="com.dataprovider.test.DataProviderTestNGTest"/>
</testsuite> <!-- com.dataprovider.test.DataProviderTestNGTest -->
